cl : command line warning D9025: overriding '/sdl' with '/GS-'
  tictactoe.c
C:\Users\WhoseTheNerd\dev\SmallTicTacToe\SmallTicTacToe\src\tictactoe.c(82,38): warning C4013: 'randint' undefined; assuming extern returning int
C:\Users\WhoseTheNerd\dev\SmallTicTacToe\SmallTicTacToe\src\tictactoe.c(108,20): warning C4013: 'ShowErrorMessage' undefined; assuming extern returning int
C:\Users\WhoseTheNerd\dev\SmallTicTacToe\SmallTicTacToe\src\tictactoe.c(109,12): warning C4098: 'tct_onClick': 'void' function returning a value
C:\Users\WhoseTheNerd\dev\SmallTicTacToe\SmallTicTacToe\src\tictactoe.c(195,51): warning C4047: 'function': 'UINT' differs in levels of indirection from 'void *'
C:\Users\WhoseTheNerd\dev\SmallTicTacToe\SmallTicTacToe\src\tictactoe.c(195,47): warning C4024: 'MessageBoxA': different types for formal and actual parameter 4
C:\Users\WhoseTheNerd\dev\SmallTicTacToe\SmallTicTacToe\src\tictactoe.c(198,51): warning C4047: 'function': 'UINT' differs in levels of indirection from 'void *'
C:\Users\WhoseTheNerd\dev\SmallTicTacToe\SmallTicTacToe\src\tictactoe.c(198,47): warning C4024: 'MessageBoxA': different types for formal and actual parameter 4
  Crinkler 2.3 (Jul 21 2020) (c) 2005-2020 Aske Simon Christensen & Rune Stubbe
  
  Target: C:\Users\WhoseTheNerd\dev\SmallTicTacToe\Release\SmallTicTacToe.exe
  Tiny compressor: NO
  Tiny import: NO
  Subsystem type: WINDOWS
  Large address aware: NO
  Compression mode: SLOW
  Saturate counters: NO
  Hash size: 500 MB
  Hash tries: 100
  Order tries: 0
  Reuse mode: OFF (no file specified)
  Report: NONE
  Transforms: NONE
  Replace DLLs: NONE
  Fallback DLLs: NONE
  Range DLLs: NONE
  Exports: NONE
  
  Loading kernel32.lib...
  Loading user32.lib...
  Loading gdi32.lib...
  Loading winspool.lib...
  Loading comdlg32.lib...
  Loading advapi32.lib...
  Loading shell32.lib...
  Loading ole32.lib...
  Loading oleaut32.lib...
  Loading uuid.lib...
  Loading odbc32.lib...
  Loading odbccp32.lib...
  Loading ucrt.lib...
  Loading kernel32.lib...
  Loading user32.lib...
  Loading gdi32.lib...
  Loading winspool.lib...
  Loading comdlg32.lib...
  Loading advapi32.lib...
  Loading shell32.lib...
  Loading ole32.lib...
  Loading oleaut32.lib...
  Loading uuid.lib...
  Loading odbc32.lib...
  Loading odbccp32.lib...
  Loading Release\main.obj...
  Loading Release\tictactoe.obj...
  
  Linking...
  
  
LINK : warning LNK: Import 'DefWindowProcA' from 'user32' uses forwarded RVA. Replaced by 'NtdllDefWindowProc_A' from 'ntdll'
  
LINK : warning LNK: Import 'rand' from 'api-ms-win-crt-utility-l1-1-0' uses forwarded RVA. Replaced by 'rand' from 'ucrtbase'
  
LINK : warning LNK: Import 'srand' from 'api-ms-win-crt-utility-l1-1-0' uses forwarded RVA. Replaced by 'srand' from 'ucrtbase'
  
  Uncompressed size of code:  2742
  Uncompressed size of data:   211
  
  |-- Estimating models for code ----------------------------|
  ............................................................   0m00s
  Estimated compressed size of code: 1666.61
  
  |-- Estimating models for data ----------------------------|
  ............................................................   0m00s
  Estimated compressed size of data: 134.34
  
  Ideal compressed size of code: 1666.60
  Ideal compressed size of data: 134.34
  Ideal compressed total size: 1800.94
  
  |-- Optimizing hash table size ----------------------------|
  ............................................................   0m00s
  Real compressed total size: 1801
  Bytes lost to hashing: 0.06
  
  Output file: C:\Users\WhoseTheNerd\dev\SmallTicTacToe\Release\SmallTicTacToe.exe
  Final file size: 2217 (no change)
  
  time spent: 0m05s
  Ignoring unknown argument '/ERRORREPORT:PROMPT'
  Ignoring unknown argument '/INCREMENTAL:NO'
  Ignoring unknown argument '/NOLOGO'
  Ignoring unknown argument '/MANIFEST:NO'
  Ignoring unknown argument '/DEBUG'
  Ignoring unknown argument '/PDB:C:\Users\WhoseTheNerd\dev\SmallTicTacToe\Release\SmallTicTacToe.pdb'
  Ignoring unknown argument '/OPT:REF'
  Ignoring unknown argument '/OPT:ICF'
  Ignoring unknown argument '/LTCG:incremental'
  Ignoring unknown argument '/LTCGOUT:Release\SmallTicTacToe.iobj'
  Ignoring unknown argument '/TLBID:1'
  Ignoring unknown argument '/DYNAMICBASE'
  Ignoring unknown argument '/NXCOMPAT'
  Ignoring unknown argument '/IMPLIB:C:\Users\WhoseTheNerd\dev\SmallTicTacToe\Release\SmallTicTacToe.lib'
  Ignoring unknown argument '/MACHINE:X86'
  Ignoring unknown argument '/SAFESEH'
  SmallTicTacToe.vcxproj -> C:\Users\WhoseTheNerd\dev\SmallTicTacToe\Release\SmallTicTacToe.exe
